12/09/24 02:18:56 AM : INFO : Testing Directory: /app
12/09/24 02:18:56 AM : Test Start : Running Tests for: ECE461: Autograder Phase 2
12/09/24 02:18:56 AM : Test Start : Running Tests for: Setup and Reset Test Group
12/09/24 02:18:57 AM : Test Success : > System Tracks Test passed!
12/09/24 02:18:58 AM : Test Fail : > Access Control Track is not present! This is for tracking purpose and will not count towards the grade.
12/09/24 02:18:58 AM : Test Fail : > Unable to Login! (Unstaisfied dependency 'Check if access control track is present')
12/09/24 02:19:01 AM : Test Success : > System Reset Test passed!
12/09/24 02:19:01 AM : Test Success : > No Packages present after reset!
12/09/24 02:19:01 AM : Test Result : Total score: 3 / 5

12/09/24 02:19:01 AM : Test Start : Running Tests for: Upload Packages Test Group
12/09/24 02:19:03 AM : Test Success : > Content package 1 upload passed!
12/09/24 02:19:04 AM : Test Success : > Single Package Query Test passed!
12/09/24 02:19:05 AM : Test Success : > Content package 2 upload passed!
12/09/24 02:19:06 AM : Test Success : > Content package 3 upload passed!
12/09/24 02:19:13 AM : Test Success : > Ingest package 1 upload passed!
12/09/24 02:19:22 AM : Test Success : > Ingest package 2 upload passed!
12/09/24 02:19:35 AM : Test Success : > Ingest package 3 upload passed!
12/09/24 02:19:45 AM : Test Success : > Ingest package 4 upload passed!
12/09/24 02:19:46 AM : Test Success : > All Package Query Test passed!
12/09/24 02:19:46 AM : Test Result : Total score: 9 / 9

12/09/24 02:19:46 AM : Test Start : Running Tests for: Regex Tests Group
12/09/24 02:19:47 AM : Test Success : > Exact Match Name Regex Test passed!
12/09/24 02:19:48 AM : Test Success : > Extra Chars Name Regex Test passed!
12/09/24 02:19:49 AM : Test Success : > Random String Regex Test passed!
12/09/24 02:19:49 AM : Test Result : Total score: 3 / 3

12/09/24 02:19:49 AM : Test Start : Running Tests for: Package Read Test Group
12/09/24 02:19:50 AM : Test Success : > Get Package By Name Test 0 passed!
12/09/24 02:19:50 AM : Test Success : > Get Package By Name Test 1 passed!
12/09/24 02:19:51 AM : Test Success : > Get Package By Name Test 2 passed!
12/09/24 02:19:52 AM : Test Success : > Get Package By Name Test 3 passed!
12/09/24 02:19:52 AM : Test Success : > Get Package By Name Test 4 passed!
12/09/24 02:19:53 AM : Test Success : > Get Package By Name Test 5 passed!
12/09/24 02:19:54 AM : Test Success : > Get Package By Name Test 6 passed!
12/09/24 02:19:55 AM : Test Success : > Get Package By ID Test 0 passed!
12/09/24 02:19:57 AM : Test Success : > Get Package By ID Test 1 passed!
12/09/24 02:19:57 AM : Test Success : > Get Package By ID Test 2 passed!
12/09/24 02:19:58 AM : Test Success : > Get Package By ID Test 3 passed!
12/09/24 02:19:59 AM : Test Success : > Get Package By ID Test 4 passed!
12/09/24 02:20:00 AM : Test Success : > Get Package By ID Test 5 passed!
12/09/24 02:20:01 AM : Test Success : > Get Package By ID Test 6 passed!
12/09/24 02:20:02 AM : Test Success : > Invalid Package Read Test passed!
12/09/24 02:20:02 AM : Test Result : Total score: 15 / 15

12/09/24 02:20:02 AM : Test Start : Running Tests for: Update Package Test Group
12/09/24 02:21:14 AM : Test Result : Total score: 6 / 9 (9 hidden)

12/09/24 02:21:14 AM : Test Start : Running Tests for: Rate packages Test Group
12/09/24 02:21:21 AM : Test Result : Total score: 9 / 22 (8 hidden)

12/09/24 02:21:21 AM : Test Start : Running Tests for: Package Cost Test Group
12/09/24 02:21:25 AM : Test Result : Total score: 2 / 3 (3 hidden)

12/09/24 02:21:25 AM : Test Result : Total score: 47 / 66