12/03/24 05:07:36 PM : INFO : Testing Directory: /app
12/03/24 05:07:36 PM : Test Start : Running Tests for: ECE461: Autograder Phase 2
12/03/24 05:07:36 PM : Test Start : Running Tests for: Setup and Reset Test Group
12/03/24 05:07:37 PM : Test Success : > System Tracks Test passed!
12/03/24 05:07:37 PM : Test Fail : > Access Control Track is not present!
12/03/24 05:07:37 PM : Test Fail : > Unable to Login! (Unstaisfied dependency 'Check if access control track is present') 
12/03/24 05:07:47 PM : Test Success : > System Reset Test passed!
12/03/24 05:07:48 PM : Test Success : > No Packages present after reset!
12/03/24 05:07:48 PM : Test Result : Total score: 3 / 5

12/03/24 05:07:48 PM : Test Start : Running Tests for: Upload Packages Test Group
12/03/24 05:07:50 PM : Test Success : > Content package 1 upload passed!
12/03/24 05:07:50 PM : Test Success : > Single Package Query Test passed!
12/03/24 05:07:51 PM : Test Success : > Content package 2 upload passed!
12/03/24 05:07:51 PM : Test Success : > Content package 3 upload passed!
12/03/24 05:07:58 PM : Test Success : > Ingest package 1 upload passed!
12/03/24 05:08:27 PM : Test Fail : > Ingest package 2 upload failed!
12/03/24 05:08:36 PM : Test Success : > Ingest package 3 upload passed!
12/03/24 05:08:50 PM : Test Success : > Ingest package 4 upload passed!
12/03/24 05:08:59 PM : Test Success : > Ingest package 5 upload passed!
12/03/24 05:09:00 PM : Test Success : > All Package Query Test passed!
12/03/24 05:09:00 PM : Test Result : Total score: 9 / 10

12/03/24 05:09:00 PM : Test Start : Running Tests for: Regex Tests Group
12/03/24 05:09:03 PM : Test Success : > Exact Match Name Regex Test passed!
12/03/24 05:09:04 PM : Test Success : > Extra Chars Name Regex Test passed!
12/03/24 05:09:04 PM : Test Fail : > Random String Regex Test failed!
12/03/24 05:09:04 PM : Test Fail : > ReDOS Regex Test Latge Group failed!
12/03/24 05:09:05 PM : Test Fail : > ReDOS Regex Test Multiple Groups failed!
12/03/24 05:09:05 PM : Test Fail : > ReDOS Regex Test Backtracking failed!
12/03/24 05:09:05 PM : Test Result : Total score: 2 / 6

12/03/24 05:09:05 PM : Test Start : Running Tests for: Read and Delete Test Group
12/03/24 05:09:05 PM : Test Success : > Get Package By Name Test 0 passed!
12/03/24 05:09:05 PM : Test Success : > Get Package By Name Test 1 passed!
12/03/24 05:09:06 PM : Test Success : > Get Package By Name Test 2 passed!
12/03/24 05:09:06 PM : Test Success : > Get Package By Name Test 3 passed!
12/03/24 05:09:06 PM : Test Success : > Get Package By Name Test 4 passed!
12/03/24 05:09:06 PM : Test Success : > Get Package By Name Test 5 passed!
12/03/24 05:09:06 PM : Test Success : > Get Package By Name Test 6 passed!
12/03/24 05:09:06 PM : Test Success : > Get Package By Name Test 7 passed!
12/03/24 05:09:09 PM : Test Success : > Get Package By ID Test 0 passed!
12/03/24 05:09:10 PM : Test Success : > Get Package By ID Test 1 passed!
12/03/24 05:09:11 PM : Test Success : > Get Package By ID Test 2 passed!
12/03/24 05:09:12 PM : Test Success : > Get Package By ID Test 3 passed!
12/03/24 05:09:13 PM : Test Success : > Get Package By ID Test 4 passed!
12/03/24 05:09:14 PM : Test Success : > Get Package By ID Test 5 passed!
12/03/24 05:09:15 PM : Test Success : > Get Package By ID Test 6 passed!
12/03/24 05:09:16 PM : Test Success : > Get Package By ID Test 7 passed!
12/03/24 05:09:16 PM : Test Fail : > Delete Package 1 Test failed!
12/03/24 05:09:16 PM : Test Fail : > Delete Package 4 Test failed!
12/03/24 05:09:17 PM : Test Fail : > Get All Packages Test failed!
12/03/24 05:09:17 PM : Test Result : Total score: 16 / 19

12/03/24 05:09:17 PM : Test Result : Total score: 30 / 40