12/05/24 06:51:12 AM : INFO : Testing Directory: /app
12/05/24 06:51:12 AM : Test Start : Running Tests for: ECE461: Autograder Phase 2
12/05/24 06:51:12 AM : Test Start : Running Tests for: Setup and Reset Test Group
12/05/24 06:51:13 AM : Test Success : > System Tracks Test passed!
12/05/24 06:51:14 AM : Test Fail : > Access Control Track is not present! This is for tracking purpose and will not count towards the grade.
12/05/24 06:51:14 AM : Test Fail : > Unable to Login! (Unstaisfied dependency 'Check if access control track is present')
12/05/24 06:51:20 AM : Test Success : > System Reset Test passed!
12/05/24 06:51:22 AM : Test Success : > No Packages present after reset!
12/05/24 06:51:22 AM : Test Result : Total score: 3 / 5

12/05/24 06:51:22 AM : Test Start : Running Tests for: Upload Packages Test Group
12/05/24 06:51:24 AM : Test Success : > Content package 1 upload passed!
12/05/24 06:51:24 AM : Test Success : > Single Package Query Test passed!
12/05/24 06:51:25 AM : Test Success : > Content package 2 upload passed!
12/05/24 06:51:26 AM : Test Success : > Content package 3 upload passed!
12/05/24 06:51:33 AM : Test Success : > Ingest package 1 upload passed!
12/05/24 06:51:41 AM : Test Success : > Ingest package 2 upload passed!
12/05/24 06:51:54 AM : Test Success : > Ingest package 3 upload passed!
12/05/24 06:52:03 AM : Test Success : > Ingest package 4 upload passed!
12/05/24 06:52:04 AM : Test Success : > All Package Query Test passed!
12/05/24 06:52:04 AM : Test Result : Total score: 9 / 9

12/05/24 06:52:04 AM : Test Start : Running Tests for: Regex Tests Group
12/05/24 06:52:08 AM : Test Success : > Exact Match Name Regex Test passed!
12/05/24 06:52:08 AM : Test Success : > Extra Chars Name Regex Test passed!
12/05/24 06:52:09 AM : ERROR : Error parsing output for test PackageMetadata
12/05/24 06:52:09 AM : ERROR : 'str' object has no attribute 'copy'Could be the error or the missing field. 
12/05/24 06:52:09 AM : ERROR : Error running test: Random String Regex Test
12/05/24 06:52:09 AM : ERROR : object of type 'NoneType' has no len()
12/05/24 06:52:11 AM : Test Result : Total score: 2 / 6 (3 hidden)

12/05/24 06:52:11 AM : Test Start : Running Tests for: Package Read Test Group
12/05/24 06:52:12 AM : Test Success : > Get Package By Name Test 0 passed!
12/05/24 06:52:13 AM : Test Success : > Get Package By Name Test 1 passed!
12/05/24 06:52:13 AM : Test Success : > Get Package By Name Test 2 passed!
12/05/24 06:52:14 AM : Test Success : > Get Package By Name Test 3 passed!
12/05/24 06:52:15 AM : Test Success : > Get Package By Name Test 4 passed!
12/05/24 06:52:15 AM : Test Success : > Get Package By Name Test 5 passed!
12/05/24 06:52:16 AM : Test Success : > Get Package By Name Test 6 passed!
12/05/24 06:52:19 AM : Test Success : > Get Package By ID Test 0 passed!
12/05/24 06:52:20 AM : Test Success : > Get Package By ID Test 1 passed!
12/05/24 06:52:21 AM : Test Success : > Get Package By ID Test 2 passed!
12/05/24 06:52:22 AM : Test Success : > Get Package By ID Test 3 passed!
12/05/24 06:52:22 AM : Test Success : > Get Package By ID Test 4 passed!
12/05/24 06:52:24 AM : Test Success : > Get Package By ID Test 5 passed!
12/05/24 06:52:25 AM : Test Success : > Get Package By ID Test 6 passed!
12/05/24 06:52:26 AM : Test Success : > Invalid Package Read Test passed!
12/05/24 06:52:26 AM : Test Result : Total score: 15 / 15

12/05/24 06:52:26 AM : Test Start : Running Tests for: Update Package Test Group
12/05/24 06:52:32 AM : Test Result : Total score: 0 / 9 (9 hidden)

12/05/24 06:52:32 AM : Test Start : Running Tests for: Rate packages Test Group
12/05/24 06:52:39 AM : Test Result : Total score: 6 / 22 (8 hidden)

12/05/24 06:52:39 AM : Test Start : Running Tests for: Package Cost Test Group
12/05/24 06:52:44 AM : Test Result : Total score: 2 / 3 (3 hidden)

12/05/24 06:52:44 AM : Test Result : Total score: 37 / 69