12/06/24 01:35:37 AM : INFO : Testing Directory: /app
12/06/24 01:35:37 AM : Test Start : Running Tests for: ECE461: Autograder Phase 2
12/06/24 01:35:37 AM : Test Start : Running Tests for: Setup and Reset Test Group
12/06/24 01:35:38 AM : Test Success : > System Tracks Test passed!
12/06/24 01:35:39 AM : Test Fail : > Access Control Track is not present! This is for tracking purpose and will not count towards the grade.
12/06/24 01:35:39 AM : Test Fail : > Unable to Login! (Unstaisfied dependency 'Check if access control track is present')
12/06/24 01:35:47 AM : Test Success : > System Reset Test passed!
12/06/24 01:35:49 AM : Test Success : > No Packages present after reset!
12/06/24 01:35:49 AM : Test Result : Total score: 3 / 5

12/06/24 01:35:49 AM : Test Start : Running Tests for: Upload Packages Test Group
12/06/24 01:35:51 AM : Test Success : > Content package 1 upload passed!
12/06/24 01:35:52 AM : Test Success : > Single Package Query Test passed!
12/06/24 01:35:53 AM : Test Success : > Content package 2 upload passed!
12/06/24 01:35:53 AM : Test Success : > Content package 3 upload passed!
12/06/24 01:36:00 AM : Test Success : > Ingest package 1 upload passed!
12/06/24 01:36:07 AM : Test Success : > Ingest package 2 upload passed!
12/06/24 01:36:21 AM : Test Success : > Ingest package 3 upload passed!
12/06/24 01:36:30 AM : Test Success : > Ingest package 4 upload passed!
12/06/24 01:36:31 AM : Test Success : > All Package Query Test passed!
12/06/24 01:36:31 AM : Test Result : Total score: 9 / 9

12/06/24 01:36:31 AM : Test Start : Running Tests for: Regex Tests Group
12/06/24 01:36:34 AM : Test Success : > Exact Match Name Regex Test passed!
12/06/24 01:36:35 AM : Test Success : > Extra Chars Name Regex Test passed!
12/06/24 01:36:36 AM : Test Success : > Random String Regex Test passed!
12/06/24 01:36:38 AM : Test Result : Total score: 6 / 6 (3 hidden)

12/06/24 01:36:38 AM : Test Start : Running Tests for: Package Read Test Group
12/06/24 01:36:38 AM : Test Success : > Get Package By Name Test 0 passed!
12/06/24 01:36:39 AM : Test Success : > Get Package By Name Test 1 passed!
12/06/24 01:36:40 AM : Test Success : > Get Package By Name Test 2 passed!
12/06/24 01:36:40 AM : Test Success : > Get Package By Name Test 3 passed!
12/06/24 01:36:41 AM : Test Success : > Get Package By Name Test 4 passed!
12/06/24 01:36:42 AM : Test Success : > Get Package By Name Test 5 passed!
12/06/24 01:36:42 AM : Test Success : > Get Package By Name Test 6 passed!
12/06/24 01:36:45 AM : Test Success : > Get Package By ID Test 0 passed!
12/06/24 01:36:46 AM : Test Success : > Get Package By ID Test 1 passed!
12/06/24 01:36:47 AM : Test Success : > Get Package By ID Test 2 passed!
12/06/24 01:36:48 AM : Test Success : > Get Package By ID Test 3 passed!
12/06/24 01:36:49 AM : Test Success : > Get Package By ID Test 4 passed!
12/06/24 01:36:50 AM : Test Success : > Get Package By ID Test 5 passed!
12/06/24 01:36:51 AM : Test Success : > Get Package By ID Test 6 passed!
12/06/24 01:36:52 AM : Test Success : > Invalid Package Read Test passed!
12/06/24 01:36:52 AM : Test Result : Total score: 15 / 15

12/06/24 01:36:52 AM : Test Start : Running Tests for: Update Package Test Group
12/06/24 01:37:48 AM : Test Result : Total score: 6 / 9 (9 hidden)

12/06/24 01:37:48 AM : Test Start : Running Tests for: Rate packages Test Group
12/06/24 01:37:55 AM : Test Result : Total score: 6 / 22 (8 hidden)

12/06/24 01:37:55 AM : Test Start : Running Tests for: Package Cost Test Group
12/06/24 01:37:59 AM : Test Result : Total score: 2 / 3 (3 hidden)

12/06/24 01:37:59 AM : Test Result : Total score: 47 / 69