12/05/24 09:49:09 PM : INFO : Testing Directory: /app
12/05/24 09:49:09 PM : Test Start : Running Tests for: ECE461: Autograder Phase 2
12/05/24 09:49:09 PM : Test Start : Running Tests for: Setup and Reset Test Group
12/05/24 09:49:10 PM : Test Success : > System Tracks Test passed!
12/05/24 09:49:10 PM : Test Fail : > Access Control Track is not present! This is for tracking purpose and will not count towards the grade.
12/05/24 09:49:11 PM : Test Fail : > Unable to Login! (Unstaisfied dependency 'Check if access control track is present')
12/05/24 09:49:13 PM : Test Success : > System Reset Test passed!
12/05/24 09:49:13 PM : Test Success : > No Packages present after reset!
12/05/24 09:49:13 PM : Test Result : Total score: 3 / 5

12/05/24 09:49:13 PM : Test Start : Running Tests for: Upload Packages Test Group
12/05/24 09:49:14 PM : Test Success : > Content package 1 upload passed!
12/05/24 09:49:15 PM : Test Success : > Single Package Query Test passed!
12/05/24 09:49:16 PM : Test Success : > Content package 2 upload passed!
12/05/24 09:49:17 PM : Test Success : > Content package 3 upload passed!
12/05/24 09:49:24 PM : Test Success : > Ingest package 1 upload passed!
12/05/24 09:49:31 PM : Test Success : > Ingest package 2 upload passed!
12/05/24 09:49:43 PM : Test Success : > Ingest package 3 upload passed!
12/05/24 09:49:52 PM : Test Success : > Ingest package 4 upload passed!
12/05/24 09:49:53 PM : Test Success : > All Package Query Test passed!
12/05/24 09:49:53 PM : Test Result : Total score: 9 / 9

12/05/24 09:49:53 PM : Test Start : Running Tests for: Regex Tests Group
12/05/24 09:49:56 PM : Test Success : > Exact Match Name Regex Test passed!
12/05/24 09:49:57 PM : Test Success : > Extra Chars Name Regex Test passed!
12/05/24 09:49:58 PM : Test Success : > Random String Regex Test passed!
12/05/24 09:50:00 PM : Test Result : Total score: 6 / 6 (3 hidden)

12/05/24 09:50:00 PM : Test Start : Running Tests for: Package Read Test Group
12/05/24 09:50:00 PM : Test Success : > Get Package By Name Test 0 passed!
12/05/24 09:50:01 PM : Test Success : > Get Package By Name Test 1 passed!
12/05/24 09:50:02 PM : Test Success : > Get Package By Name Test 2 passed!
12/05/24 09:50:02 PM : Test Success : > Get Package By Name Test 3 passed!
12/05/24 09:50:03 PM : Test Success : > Get Package By Name Test 4 passed!
12/05/24 09:50:04 PM : Test Success : > Get Package By Name Test 5 passed!
12/05/24 09:50:04 PM : Test Success : > Get Package By Name Test 6 passed!
12/05/24 09:50:06 PM : Test Success : > Get Package By ID Test 0 passed!
12/05/24 09:50:07 PM : Test Success : > Get Package By ID Test 1 passed!
12/05/24 09:50:08 PM : Test Success : > Get Package By ID Test 2 passed!
12/05/24 09:50:09 PM : Test Success : > Get Package By ID Test 3 passed!
12/05/24 09:50:10 PM : Test Success : > Get Package By ID Test 4 passed!
12/05/24 09:50:11 PM : Test Success : > Get Package By ID Test 5 passed!
12/05/24 09:50:12 PM : Test Success : > Get Package By ID Test 6 passed!
12/05/24 09:50:13 PM : Test Success : > Invalid Package Read Test passed!
12/05/24 09:50:13 PM : Test Result : Total score: 15 / 15

12/05/24 09:50:13 PM : Test Start : Running Tests for: Update Package Test Group
12/05/24 09:51:10 PM : Test Result : Total score: 6 / 9 (9 hidden)

12/05/24 09:51:10 PM : Test Start : Running Tests for: Rate packages Test Group
12/05/24 09:51:17 PM : Test Result : Total score: 6 / 22 (8 hidden)

12/05/24 09:51:17 PM : Test Start : Running Tests for: Package Cost Test Group
12/05/24 09:51:20 PM : Test Result : Total score: 2 / 3 (3 hidden)

12/05/24 09:51:20 PM : Test Result : Total score: 47 / 69